<?xml version="1.0" encoding="ISO-8859-1"?>
<configuration xmlns:xsi="http://www.w3.org/2001/XMLSchema-instance"
	xsi:schemaLocation="http://www.exoplatform.org/xml/ns/kernel_1_2.xsd http://www.exoplatform.org/xml/ns/kernel_1_2.xsd"
	xmlns="http://www.exoplatform.org/xml/ns/kernel_1_2.xsd">

	<import>classpath:/conf/standalone/test-commons-configuration.xml</import>
	<import>classpath:/conf/standalone/test-conteninitializerservice-configuration.xml</import>
	<import>classpath:/conf/standalone/test-initialize-data-configuration.xml</import>
</configuration>
